{"level":"db","message":"test","timestamp":"2025-07-27T20:30:18.590Z"}
{"level":"db","message":"test","timestamp":"2025-07-27T20:30:48.685Z"}
{"level":"db","message":"test22","timestamp":"2025-07-27T20:31:11.296Z"}
{"level":"db","message":"test22","timestamp":"2025-07-27T20:31:19.228Z"}
{"level":"db","message":"test22","timestamp":"2025-07-27T20:31:38.309Z"}
{"level":"db","message":"test22","timestamp":"2025-07-27T20:32:16.749Z"}
{"level":"db","message":"test22","timestamp":"2025-07-27T20:34:16.954Z"}
{"level":"db","message":"test22","timestamp":"2025-07-27T20:47:45.779Z"}
{"0":{"id":204,"name":"CHARACTER_DELETED_BY_USER"},"level":"db","message":"detected missing records in tblMailConfirmationStatus adding if not exists","timestamp":"2025-08-12T14:41:46.052Z"}
{"0":{"id":205,"name":"CHARACTER_MINOR_UPDATED"},"level":"db","message":"detected missing records in tblMailConfirmationStatus adding if not exists","timestamp":"2025-08-12T14:50:16.581Z"}
{"0":{"id":1,"name":"pending"},"level":"db","message":"detected missing records in tblMailConfirmationStatus adding if not exists","timestamp":"2025-08-15T22:00:23.248Z"}
{"0":{"id":3,"name":"rejected"},"level":"db","message":"detected missing records in tblMailConfirmationStatus adding if not exists","timestamp":"2025-08-15T22:00:23.253Z"}
{"0":{"id":2,"name":"confirmed"},"level":"db","message":"detected missing records in tblMailConfirmationStatus adding if not exists","timestamp":"2025-08-15T22:00:23.254Z"}
{"0":{"id":101,"name":"USER_CREATED"},"level":"db","message":"detected missing records in tblMailConfirmationStatus adding if not exists","timestamp":"2025-08-15T22:00:23.257Z"}
{"0":{"id":102,"name":"USER_UPDATED"},"level":"db","message":"detected missing records in tblMailConfirmationStatus adding if not exists","timestamp":"2025-08-15T22:00:23.258Z"}
{"0":{"id":103,"name":"USER_DELETED"},"level":"db","message":"detected missing records in tblMailConfirmationStatus adding if not exists","timestamp":"2025-08-15T22:00:23.258Z"}
{"0":{"id":104,"name":"USER_REGISTERED"},"level":"db","message":"detected missing records in tblMailConfirmationStatus adding if not exists","timestamp":"2025-08-15T22:00:23.262Z"}
{"0":{"id":202,"name":"CHARACTER_UPDATED"},"level":"db","message":"detected missing records in tblMailConfirmationStatus adding if not exists","timestamp":"2025-08-15T22:00:23.263Z"}
{"0":{"id":201,"name":"CHARACTER_CREATED"},"level":"db","message":"detected missing records in tblMailConfirmationStatus adding if not exists","timestamp":"2025-08-15T22:00:23.263Z"}
{"0":{"id":105,"name":"USER_LOGGED_IN"},"level":"db","message":"detected missing records in tblMailConfirmationStatus adding if not exists","timestamp":"2025-08-15T22:00:23.263Z"}
{"0":{"id":203,"name":"CHARACTER_DELETED"},"level":"db","message":"detected missing records in tblMailConfirmationStatus adding if not exists","timestamp":"2025-08-15T22:00:23.263Z"}
{"0":{"id":204,"name":"CHARACTER_DELETED_BY_USER"},"level":"db","message":"detected missing records in tblMailConfirmationStatus adding if not exists","timestamp":"2025-08-15T22:00:23.264Z"}
{"0":{"id":205,"name":"CHARACTER_MINOR_UPDATED"},"level":"db","message":"detected missing records in tblMailConfirmationStatus adding if not exists","timestamp":"2025-08-15T22:00:23.265Z"}
{"0":{"id":1,"name":"pending"},"level":"db","message":"detected missing records in tblMailConfirmationStatus adding if not exists","timestamp":"2025-08-16T10:35:12.620Z"}
{"0":{"id":3,"name":"rejected"},"level":"db","message":"detected missing records in tblMailConfirmationStatus adding if not exists","timestamp":"2025-08-16T10:35:12.624Z"}
{"0":{"id":2,"name":"confirmed"},"level":"db","message":"detected missing records in tblMailConfirmationStatus adding if not exists","timestamp":"2025-08-16T10:35:12.625Z"}
{"0":{"id":101,"name":"USER_CREATED"},"level":"db","message":"detected missing records in tblMailConfirmationStatus adding if not exists","timestamp":"2025-08-16T10:35:12.627Z"}
{"0":{"id":102,"name":"USER_UPDATED"},"level":"db","message":"detected missing records in tblMailConfirmationStatus adding if not exists","timestamp":"2025-08-16T10:35:12.627Z"}
{"0":{"id":103,"name":"USER_DELETED"},"level":"db","message":"detected missing records in tblMailConfirmationStatus adding if not exists","timestamp":"2025-08-16T10:35:12.628Z"}
{"0":{"id":104,"name":"USER_REGISTERED"},"level":"db","message":"detected missing records in tblMailConfirmationStatus adding if not exists","timestamp":"2025-08-16T10:35:12.630Z"}
{"0":{"id":105,"name":"USER_LOGGED_IN"},"level":"db","message":"detected missing records in tblMailConfirmationStatus adding if not exists","timestamp":"2025-08-16T10:35:12.631Z"}
{"0":{"id":201,"name":"CHARACTER_CREATED"},"level":"db","message":"detected missing records in tblMailConfirmationStatus adding if not exists","timestamp":"2025-08-16T10:35:12.631Z"}
{"0":{"id":202,"name":"CHARACTER_UPDATED"},"level":"db","message":"detected missing records in tblMailConfirmationStatus adding if not exists","timestamp":"2025-08-16T10:35:12.632Z"}
{"0":{"id":203,"name":"CHARACTER_DELETED"},"level":"db","message":"detected missing records in tblMailConfirmationStatus adding if not exists","timestamp":"2025-08-16T10:35:12.633Z"}
{"0":{"id":204,"name":"CHARACTER_DELETED_BY_USER"},"level":"db","message":"detected missing records in tblMailConfirmationStatus adding if not exists","timestamp":"2025-08-16T10:35:12.633Z"}
{"0":{"id":205,"name":"CHARACTER_MINOR_UPDATED"},"level":"db","message":"detected missing records in tblMailConfirmationStatus adding if not exists","timestamp":"2025-08-16T10:35:12.633Z"}
{"0":{"id":1,"name":"pending"},"level":"db","message":"detected missing records in tblMailConfirmationStatus adding if not exists","timestamp":"2025-08-16T10:36:04.070Z"}
{"0":{"id":2,"name":"confirmed"},"level":"db","message":"detected missing records in tblMailConfirmationStatus adding if not exists","timestamp":"2025-08-16T10:36:04.073Z"}
{"0":{"id":3,"name":"rejected"},"level":"db","message":"detected missing records in tblMailConfirmationStatus adding if not exists","timestamp":"2025-08-16T10:36:04.073Z"}
{"0":{"id":101,"name":"USER_CREATED"},"level":"db","message":"detected missing records in tblMailConfirmationStatus adding if not exists","timestamp":"2025-08-16T10:36:04.076Z"}
{"0":{"id":102,"name":"USER_UPDATED"},"level":"db","message":"detected missing records in tblMailConfirmationStatus adding if not exists","timestamp":"2025-08-16T10:36:04.076Z"}
{"0":{"id":103,"name":"USER_DELETED"},"level":"db","message":"detected missing records in tblMailConfirmationStatus adding if not exists","timestamp":"2025-08-16T10:36:04.076Z"}
{"0":{"id":104,"name":"USER_REGISTERED"},"level":"db","message":"detected missing records in tblMailConfirmationStatus adding if not exists","timestamp":"2025-08-16T10:36:04.080Z"}
{"0":{"id":105,"name":"USER_LOGGED_IN"},"level":"db","message":"detected missing records in tblMailConfirmationStatus adding if not exists","timestamp":"2025-08-16T10:36:04.081Z"}
{"0":{"id":201,"name":"CHARACTER_CREATED"},"level":"db","message":"detected missing records in tblMailConfirmationStatus adding if not exists","timestamp":"2025-08-16T10:36:04.081Z"}
{"0":{"id":202,"name":"CHARACTER_UPDATED"},"level":"db","message":"detected missing records in tblMailConfirmationStatus adding if not exists","timestamp":"2025-08-16T10:36:04.082Z"}
{"0":{"id":203,"name":"CHARACTER_DELETED"},"level":"db","message":"detected missing records in tblMailConfirmationStatus adding if not exists","timestamp":"2025-08-16T10:36:04.082Z"}
{"0":{"id":204,"name":"CHARACTER_DELETED_BY_USER"},"level":"db","message":"detected missing records in tblMailConfirmationStatus adding if not exists","timestamp":"2025-08-16T10:36:04.083Z"}
{"0":{"id":205,"name":"CHARACTER_MINOR_UPDATED"},"level":"db","message":"detected missing records in tblMailConfirmationStatus adding if not exists","timestamp":"2025-08-16T10:36:04.083Z"}
{"0":{"id":1,"name":"pending"},"level":"db","message":"detected missing records in tblMailConfirmationStatus adding if not exists","timestamp":"2025-08-16T10:37:32.821Z"}
{"0":{"id":2,"name":"confirmed"},"level":"db","message":"detected missing records in tblMailConfirmationStatus adding if not exists","timestamp":"2025-08-16T10:37:32.824Z"}
{"0":{"id":3,"name":"rejected"},"level":"db","message":"detected missing records in tblMailConfirmationStatus adding if not exists","timestamp":"2025-08-16T10:37:32.824Z"}
{"0":{"id":101,"name":"USER_CREATED"},"level":"db","message":"detected missing records in tblMailConfirmationStatus adding if not exists","timestamp":"2025-08-16T10:37:32.827Z"}
{"0":{"id":102,"name":"USER_UPDATED"},"level":"db","message":"detected missing records in tblMailConfirmationStatus adding if not exists","timestamp":"2025-08-16T10:37:32.827Z"}
{"0":{"id":103,"name":"USER_DELETED"},"level":"db","message":"detected missing records in tblMailConfirmationStatus adding if not exists","timestamp":"2025-08-16T10:37:32.827Z"}
{"0":{"id":104,"name":"USER_REGISTERED"},"level":"db","message":"detected missing records in tblMailConfirmationStatus adding if not exists","timestamp":"2025-08-16T10:37:32.830Z"}
{"0":{"id":105,"name":"USER_LOGGED_IN"},"level":"db","message":"detected missing records in tblMailConfirmationStatus adding if not exists","timestamp":"2025-08-16T10:37:32.830Z"}
{"0":{"id":201,"name":"CHARACTER_CREATED"},"level":"db","message":"detected missing records in tblMailConfirmationStatus adding if not exists","timestamp":"2025-08-16T10:37:32.831Z"}
{"0":{"id":202,"name":"CHARACTER_UPDATED"},"level":"db","message":"detected missing records in tblMailConfirmationStatus adding if not exists","timestamp":"2025-08-16T10:37:32.831Z"}
{"0":{"id":203,"name":"CHARACTER_DELETED"},"level":"db","message":"detected missing records in tblMailConfirmationStatus adding if not exists","timestamp":"2025-08-16T10:37:32.832Z"}
{"0":{"id":204,"name":"CHARACTER_DELETED_BY_USER"},"level":"db","message":"detected missing records in tblMailConfirmationStatus adding if not exists","timestamp":"2025-08-16T10:37:32.832Z"}
{"0":{"id":205,"name":"CHARACTER_MINOR_UPDATED"},"level":"db","message":"detected missing records in tblMailConfirmationStatus adding if not exists","timestamp":"2025-08-16T10:37:32.832Z"}
{"0":{"id":1,"name":"pending"},"level":"db","message":"detected missing records in tblMailConfirmationStatus adding if not exists","timestamp":"2025-08-16T10:38:56.229Z"}
{"0":{"id":2,"name":"confirmed"},"level":"db","message":"detected missing records in tblMailConfirmationStatus adding if not exists","timestamp":"2025-08-16T10:38:56.232Z"}
{"0":{"id":3,"name":"rejected"},"level":"db","message":"detected missing records in tblMailConfirmationStatus adding if not exists","timestamp":"2025-08-16T10:38:56.234Z"}
{"0":{"id":101,"name":"USER_CREATED"},"level":"db","message":"detected missing records in tblMailConfirmationStatus adding if not exists","timestamp":"2025-08-16T10:38:56.238Z"}
{"0":{"id":102,"name":"USER_UPDATED"},"level":"db","message":"detected missing records in tblMailConfirmationStatus adding if not exists","timestamp":"2025-08-16T10:38:56.239Z"}
{"0":{"id":103,"name":"USER_DELETED"},"level":"db","message":"detected missing records in tblMailConfirmationStatus adding if not exists","timestamp":"2025-08-16T10:38:56.239Z"}
{"0":{"id":104,"name":"USER_REGISTERED"},"level":"db","message":"detected missing records in tblMailConfirmationStatus adding if not exists","timestamp":"2025-08-16T10:38:56.244Z"}
{"0":{"id":105,"name":"USER_LOGGED_IN"},"level":"db","message":"detected missing records in tblMailConfirmationStatus adding if not exists","timestamp":"2025-08-16T10:38:56.245Z"}
{"0":{"id":202,"name":"CHARACTER_UPDATED"},"level":"db","message":"detected missing records in tblMailConfirmationStatus adding if not exists","timestamp":"2025-08-16T10:38:56.245Z"}
{"0":{"id":201,"name":"CHARACTER_CREATED"},"level":"db","message":"detected missing records in tblMailConfirmationStatus adding if not exists","timestamp":"2025-08-16T10:38:56.245Z"}
{"0":{"id":203,"name":"CHARACTER_DELETED"},"level":"db","message":"detected missing records in tblMailConfirmationStatus adding if not exists","timestamp":"2025-08-16T10:38:56.246Z"}
{"0":{"id":205,"name":"CHARACTER_MINOR_UPDATED"},"level":"db","message":"detected missing records in tblMailConfirmationStatus adding if not exists","timestamp":"2025-08-16T10:38:56.247Z"}
{"0":{"id":204,"name":"CHARACTER_DELETED_BY_USER"},"level":"db","message":"detected missing records in tblMailConfirmationStatus adding if not exists","timestamp":"2025-08-16T10:38:56.248Z"}
{"0":{"id":1,"name":"pending"},"level":"db","message":"detected missing records in tblMailConfirmationStatus adding if not exists","timestamp":"2025-08-16T10:41:22.888Z"}
{"0":{"id":2,"name":"confirmed"},"level":"db","message":"detected missing records in tblMailConfirmationStatus adding if not exists","timestamp":"2025-08-16T10:41:22.892Z"}
{"0":{"id":3,"name":"rejected"},"level":"db","message":"detected missing records in tblMailConfirmationStatus adding if not exists","timestamp":"2025-08-16T10:41:22.892Z"}
{"0":{"id":101,"name":"USER_CREATED"},"level":"db","message":"detected missing records in tblMailConfirmationStatus adding if not exists","timestamp":"2025-08-16T10:41:22.895Z"}
{"0":{"id":102,"name":"USER_UPDATED"},"level":"db","message":"detected missing records in tblMailConfirmationStatus adding if not exists","timestamp":"2025-08-16T10:41:22.895Z"}
{"0":{"id":103,"name":"USER_DELETED"},"level":"db","message":"detected missing records in tblMailConfirmationStatus adding if not exists","timestamp":"2025-08-16T10:41:22.895Z"}
{"0":{"id":104,"name":"USER_REGISTERED"},"level":"db","message":"detected missing records in tblMailConfirmationStatus adding if not exists","timestamp":"2025-08-16T10:41:22.899Z"}
{"0":{"id":105,"name":"USER_LOGGED_IN"},"level":"db","message":"detected missing records in tblMailConfirmationStatus adding if not exists","timestamp":"2025-08-16T10:41:22.899Z"}
{"0":{"id":202,"name":"CHARACTER_UPDATED"},"level":"db","message":"detected missing records in tblMailConfirmationStatus adding if not exists","timestamp":"2025-08-16T10:41:22.900Z"}
{"0":{"id":201,"name":"CHARACTER_CREATED"},"level":"db","message":"detected missing records in tblMailConfirmationStatus adding if not exists","timestamp":"2025-08-16T10:41:22.900Z"}
{"0":{"id":203,"name":"CHARACTER_DELETED"},"level":"db","message":"detected missing records in tblMailConfirmationStatus adding if not exists","timestamp":"2025-08-16T10:41:22.900Z"}
{"0":{"id":205,"name":"CHARACTER_MINOR_UPDATED"},"level":"db","message":"detected missing records in tblMailConfirmationStatus adding if not exists","timestamp":"2025-08-16T10:41:22.901Z"}
{"0":{"id":204,"name":"CHARACTER_DELETED_BY_USER"},"level":"db","message":"detected missing records in tblMailConfirmationStatus adding if not exists","timestamp":"2025-08-16T10:41:22.901Z"}
{"0":{"id":1,"name":"pending"},"level":"db","message":"detected missing records in tblMailConfirmationStatus adding if not exists","timestamp":"2025-08-16T10:43:09.359Z"}
{"0":{"id":2,"name":"confirmed"},"level":"db","message":"detected missing records in tblMailConfirmationStatus adding if not exists","timestamp":"2025-08-16T10:43:09.361Z"}
{"0":{"id":3,"name":"rejected"},"level":"db","message":"detected missing records in tblMailConfirmationStatus adding if not exists","timestamp":"2025-08-16T10:43:09.361Z"}
{"0":{"id":101,"name":"USER_CREATED"},"level":"db","message":"detected missing records in tblMailConfirmationStatus adding if not exists","timestamp":"2025-08-16T10:43:09.365Z"}
{"0":{"id":103,"name":"USER_DELETED"},"level":"db","message":"detected missing records in tblMailConfirmationStatus adding if not exists","timestamp":"2025-08-16T10:43:09.365Z"}
{"0":{"id":102,"name":"USER_UPDATED"},"level":"db","message":"detected missing records in tblMailConfirmationStatus adding if not exists","timestamp":"2025-08-16T10:43:09.366Z"}
{"0":{"id":104,"name":"USER_REGISTERED"},"level":"db","message":"detected missing records in tblMailConfirmationStatus adding if not exists","timestamp":"2025-08-16T10:43:09.368Z"}
{"0":{"id":105,"name":"USER_LOGGED_IN"},"level":"db","message":"detected missing records in tblMailConfirmationStatus adding if not exists","timestamp":"2025-08-16T10:43:09.368Z"}
{"0":{"id":201,"name":"CHARACTER_CREATED"},"level":"db","message":"detected missing records in tblMailConfirmationStatus adding if not exists","timestamp":"2025-08-16T10:43:09.369Z"}
{"0":{"id":202,"name":"CHARACTER_UPDATED"},"level":"db","message":"detected missing records in tblMailConfirmationStatus adding if not exists","timestamp":"2025-08-16T10:43:09.369Z"}
{"0":{"id":203,"name":"CHARACTER_DELETED"},"level":"db","message":"detected missing records in tblMailConfirmationStatus adding if not exists","timestamp":"2025-08-16T10:43:09.369Z"}
{"0":{"id":204,"name":"CHARACTER_DELETED_BY_USER"},"level":"db","message":"detected missing records in tblMailConfirmationStatus adding if not exists","timestamp":"2025-08-16T10:43:09.369Z"}
{"0":{"id":205,"name":"CHARACTER_MINOR_UPDATED"},"level":"db","message":"detected missing records in tblMailConfirmationStatus adding if not exists","timestamp":"2025-08-16T10:43:09.370Z"}
{"0":{"id":1,"name":"pending"},"level":"db","message":"detected missing records in tblMailConfirmationStatus adding if not exists","timestamp":"2025-08-16T10:44:46.337Z"}
{"0":{"id":3,"name":"rejected"},"level":"db","message":"detected missing records in tblMailConfirmationStatus adding if not exists","timestamp":"2025-08-16T10:44:46.341Z"}
{"0":{"id":2,"name":"confirmed"},"level":"db","message":"detected missing records in tblMailConfirmationStatus adding if not exists","timestamp":"2025-08-16T10:44:46.341Z"}
{"0":{"id":101,"name":"USER_CREATED"},"level":"db","message":"detected missing records in tblMailConfirmationStatus adding if not exists","timestamp":"2025-08-16T10:44:46.344Z"}
{"0":{"id":102,"name":"USER_UPDATED"},"level":"db","message":"detected missing records in tblMailConfirmationStatus adding if not exists","timestamp":"2025-08-16T10:44:46.344Z"}
{"0":{"id":103,"name":"USER_DELETED"},"level":"db","message":"detected missing records in tblMailConfirmationStatus adding if not exists","timestamp":"2025-08-16T10:44:46.345Z"}
{"0":{"id":104,"name":"USER_REGISTERED"},"level":"db","message":"detected missing records in tblMailConfirmationStatus adding if not exists","timestamp":"2025-08-16T10:44:46.347Z"}
{"0":{"id":201,"name":"CHARACTER_CREATED"},"level":"db","message":"detected missing records in tblMailConfirmationStatus adding if not exists","timestamp":"2025-08-16T10:44:46.348Z"}
{"0":{"id":202,"name":"CHARACTER_UPDATED"},"level":"db","message":"detected missing records in tblMailConfirmationStatus adding if not exists","timestamp":"2025-08-16T10:44:46.348Z"}
{"0":{"id":204,"name":"CHARACTER_DELETED_BY_USER"},"level":"db","message":"detected missing records in tblMailConfirmationStatus adding if not exists","timestamp":"2025-08-16T10:44:46.349Z"}
{"0":{"id":203,"name":"CHARACTER_DELETED"},"level":"db","message":"detected missing records in tblMailConfirmationStatus adding if not exists","timestamp":"2025-08-16T10:44:46.349Z"}
{"0":{"id":205,"name":"CHARACTER_MINOR_UPDATED"},"level":"db","message":"detected missing records in tblMailConfirmationStatus adding if not exists","timestamp":"2025-08-16T10:44:46.350Z"}
{"0":{"id":105,"name":"USER_LOGGED_IN"},"level":"db","message":"detected missing records in tblMailConfirmationStatus adding if not exists","timestamp":"2025-08-16T10:44:46.351Z"}
{"0":{"id":1,"name":"pending"},"level":"db","message":"detected missing records in tblMailConfirmationStatus adding if not exists","timestamp":"2025-08-16T10:45:09.681Z"}
{"0":{"id":2,"name":"confirmed"},"level":"db","message":"detected missing records in tblMailConfirmationStatus adding if not exists","timestamp":"2025-08-16T10:45:09.684Z"}
{"0":{"id":3,"name":"rejected"},"level":"db","message":"detected missing records in tblMailConfirmationStatus adding if not exists","timestamp":"2025-08-16T10:45:09.684Z"}
{"0":{"id":101,"name":"USER_CREATED"},"level":"db","message":"detected missing records in tblMailConfirmationStatus adding if not exists","timestamp":"2025-08-16T10:45:09.687Z"}
{"0":{"id":102,"name":"USER_UPDATED"},"level":"db","message":"detected missing records in tblMailConfirmationStatus adding if not exists","timestamp":"2025-08-16T10:45:09.687Z"}
{"0":{"id":103,"name":"USER_DELETED"},"level":"db","message":"detected missing records in tblMailConfirmationStatus adding if not exists","timestamp":"2025-08-16T10:45:09.688Z"}
{"0":{"id":104,"name":"USER_REGISTERED"},"level":"db","message":"detected missing records in tblMailConfirmationStatus adding if not exists","timestamp":"2025-08-16T10:45:09.690Z"}
{"0":{"id":105,"name":"USER_LOGGED_IN"},"level":"db","message":"detected missing records in tblMailConfirmationStatus adding if not exists","timestamp":"2025-08-16T10:45:09.691Z"}
{"0":{"id":201,"name":"CHARACTER_CREATED"},"level":"db","message":"detected missing records in tblMailConfirmationStatus adding if not exists","timestamp":"2025-08-16T10:45:09.691Z"}
{"0":{"id":202,"name":"CHARACTER_UPDATED"},"level":"db","message":"detected missing records in tblMailConfirmationStatus adding if not exists","timestamp":"2025-08-16T10:45:09.691Z"}
{"0":{"id":203,"name":"CHARACTER_DELETED"},"level":"db","message":"detected missing records in tblMailConfirmationStatus adding if not exists","timestamp":"2025-08-16T10:45:09.692Z"}
{"0":{"id":204,"name":"CHARACTER_DELETED_BY_USER"},"level":"db","message":"detected missing records in tblMailConfirmationStatus adding if not exists","timestamp":"2025-08-16T10:45:09.692Z"}
{"0":{"id":205,"name":"CHARACTER_MINOR_UPDATED"},"level":"db","message":"detected missing records in tblMailConfirmationStatus adding if not exists","timestamp":"2025-08-16T10:45:09.692Z"}
{"0":{"id":1,"name":"pending"},"level":"db","message":"detected missing records in tblMailConfirmationStatus adding if not exists","timestamp":"2025-08-16T10:46:25.638Z"}
{"0":{"id":2,"name":"confirmed"},"level":"db","message":"detected missing records in tblMailConfirmationStatus adding if not exists","timestamp":"2025-08-16T10:46:25.640Z"}
{"0":{"id":3,"name":"rejected"},"level":"db","message":"detected missing records in tblMailConfirmationStatus adding if not exists","timestamp":"2025-08-16T10:46:25.641Z"}
{"0":{"id":101,"name":"USER_CREATED"},"level":"db","message":"detected missing records in tblMailConfirmationStatus adding if not exists","timestamp":"2025-08-16T10:46:25.643Z"}
{"0":{"id":103,"name":"USER_DELETED"},"level":"db","message":"detected missing records in tblMailConfirmationStatus adding if not exists","timestamp":"2025-08-16T10:46:25.644Z"}
{"0":{"id":102,"name":"USER_UPDATED"},"level":"db","message":"detected missing records in tblMailConfirmationStatus adding if not exists","timestamp":"2025-08-16T10:46:25.644Z"}
{"0":{"id":104,"name":"USER_REGISTERED"},"level":"db","message":"detected missing records in tblMailConfirmationStatus adding if not exists","timestamp":"2025-08-16T10:46:25.648Z"}
{"0":{"id":105,"name":"USER_LOGGED_IN"},"level":"db","message":"detected missing records in tblMailConfirmationStatus adding if not exists","timestamp":"2025-08-16T10:46:25.648Z"}
{"0":{"id":201,"name":"CHARACTER_CREATED"},"level":"db","message":"detected missing records in tblMailConfirmationStatus adding if not exists","timestamp":"2025-08-16T10:46:25.649Z"}
{"0":{"id":202,"name":"CHARACTER_UPDATED"},"level":"db","message":"detected missing records in tblMailConfirmationStatus adding if not exists","timestamp":"2025-08-16T10:46:25.649Z"}
{"0":{"id":203,"name":"CHARACTER_DELETED"},"level":"db","message":"detected missing records in tblMailConfirmationStatus adding if not exists","timestamp":"2025-08-16T10:46:25.650Z"}
{"0":{"id":204,"name":"CHARACTER_DELETED_BY_USER"},"level":"db","message":"detected missing records in tblMailConfirmationStatus adding if not exists","timestamp":"2025-08-16T10:46:25.650Z"}
{"0":{"id":205,"name":"CHARACTER_MINOR_UPDATED"},"level":"db","message":"detected missing records in tblMailConfirmationStatus adding if not exists","timestamp":"2025-08-16T10:46:25.651Z"}
{"0":{"id":1,"name":"pending"},"level":"db","message":"detected missing records in tblMailConfirmationStatus adding if not exists","timestamp":"2025-08-16T10:47:01.606Z"}
{"0":{"id":2,"name":"confirmed"},"level":"db","message":"detected missing records in tblMailConfirmationStatus adding if not exists","timestamp":"2025-08-16T10:47:01.609Z"}
{"0":{"id":3,"name":"rejected"},"level":"db","message":"detected missing records in tblMailConfirmationStatus adding if not exists","timestamp":"2025-08-16T10:47:01.609Z"}
{"0":{"id":101,"name":"USER_CREATED"},"level":"db","message":"detected missing records in tblMailConfirmationStatus adding if not exists","timestamp":"2025-08-16T10:47:01.612Z"}
{"0":{"id":103,"name":"USER_DELETED"},"level":"db","message":"detected missing records in tblMailConfirmationStatus adding if not exists","timestamp":"2025-08-16T10:47:01.612Z"}
{"0":{"id":102,"name":"USER_UPDATED"},"level":"db","message":"detected missing records in tblMailConfirmationStatus adding if not exists","timestamp":"2025-08-16T10:47:01.613Z"}
{"0":{"id":104,"name":"USER_REGISTERED"},"level":"db","message":"detected missing records in tblMailConfirmationStatus adding if not exists","timestamp":"2025-08-16T10:47:01.616Z"}
{"0":{"id":105,"name":"USER_LOGGED_IN"},"level":"db","message":"detected missing records in tblMailConfirmationStatus adding if not exists","timestamp":"2025-08-16T10:47:01.616Z"}
{"0":{"id":201,"name":"CHARACTER_CREATED"},"level":"db","message":"detected missing records in tblMailConfirmationStatus adding if not exists","timestamp":"2025-08-16T10:47:01.617Z"}
{"0":{"id":202,"name":"CHARACTER_UPDATED"},"level":"db","message":"detected missing records in tblMailConfirmationStatus adding if not exists","timestamp":"2025-08-16T10:47:01.617Z"}
{"0":{"id":203,"name":"CHARACTER_DELETED"},"level":"db","message":"detected missing records in tblMailConfirmationStatus adding if not exists","timestamp":"2025-08-16T10:47:01.618Z"}
{"0":{"id":204,"name":"CHARACTER_DELETED_BY_USER"},"level":"db","message":"detected missing records in tblMailConfirmationStatus adding if not exists","timestamp":"2025-08-16T10:47:01.618Z"}
{"0":{"id":205,"name":"CHARACTER_MINOR_UPDATED"},"level":"db","message":"detected missing records in tblMailConfirmationStatus adding if not exists","timestamp":"2025-08-16T10:47:01.618Z"}
{"0":{"id":1,"name":"pending"},"level":"db","message":"detected missing records in tblMailConfirmationStatus adding if not exists","timestamp":"2025-08-16T10:48:22.496Z"}
{"0":{"id":2,"name":"confirmed"},"level":"db","message":"detected missing records in tblMailConfirmationStatus adding if not exists","timestamp":"2025-08-16T10:48:22.498Z"}
{"0":{"id":3,"name":"rejected"},"level":"db","message":"detected missing records in tblMailConfirmationStatus adding if not exists","timestamp":"2025-08-16T10:48:22.498Z"}
{"0":{"id":101,"name":"USER_CREATED"},"level":"db","message":"detected missing records in tblMailConfirmationStatus adding if not exists","timestamp":"2025-08-16T10:48:22.501Z"}
{"0":{"id":103,"name":"USER_DELETED"},"level":"db","message":"detected missing records in tblMailConfirmationStatus adding if not exists","timestamp":"2025-08-16T10:48:22.501Z"}
{"0":{"id":102,"name":"USER_UPDATED"},"level":"db","message":"detected missing records in tblMailConfirmationStatus adding if not exists","timestamp":"2025-08-16T10:48:22.501Z"}
{"0":{"id":104,"name":"USER_REGISTERED"},"level":"db","message":"detected missing records in tblMailConfirmationStatus adding if not exists","timestamp":"2025-08-16T10:48:22.506Z"}
{"0":{"id":105,"name":"USER_LOGGED_IN"},"level":"db","message":"detected missing records in tblMailConfirmationStatus adding if not exists","timestamp":"2025-08-16T10:48:22.507Z"}
{"0":{"id":201,"name":"CHARACTER_CREATED"},"level":"db","message":"detected missing records in tblMailConfirmationStatus adding if not exists","timestamp":"2025-08-16T10:48:22.507Z"}
{"0":{"id":202,"name":"CHARACTER_UPDATED"},"level":"db","message":"detected missing records in tblMailConfirmationStatus adding if not exists","timestamp":"2025-08-16T10:48:22.508Z"}
{"0":{"id":203,"name":"CHARACTER_DELETED"},"level":"db","message":"detected missing records in tblMailConfirmationStatus adding if not exists","timestamp":"2025-08-16T10:48:22.508Z"}
{"0":{"id":204,"name":"CHARACTER_DELETED_BY_USER"},"level":"db","message":"detected missing records in tblMailConfirmationStatus adding if not exists","timestamp":"2025-08-16T10:48:22.508Z"}
{"0":{"id":205,"name":"CHARACTER_MINOR_UPDATED"},"level":"db","message":"detected missing records in tblMailConfirmationStatus adding if not exists","timestamp":"2025-08-16T10:48:22.509Z"}
{"0":{"id":1,"name":"pending"},"level":"db","message":"detected missing records in tblMailConfirmationStatus adding if not exists","timestamp":"2025-08-16T10:48:46.502Z"}
{"0":{"id":3,"name":"rejected"},"level":"db","message":"detected missing records in tblMailConfirmationStatus adding if not exists","timestamp":"2025-08-16T10:48:46.507Z"}
{"0":{"id":2,"name":"confirmed"},"level":"db","message":"detected missing records in tblMailConfirmationStatus adding if not exists","timestamp":"2025-08-16T10:48:46.507Z"}
{"0":{"id":101,"name":"USER_CREATED"},"level":"db","message":"detected missing records in tblMailConfirmationStatus adding if not exists","timestamp":"2025-08-16T10:48:46.513Z"}
{"0":{"id":103,"name":"USER_DELETED"},"level":"db","message":"detected missing records in tblMailConfirmationStatus adding if not exists","timestamp":"2025-08-16T10:48:46.513Z"}
{"0":{"id":102,"name":"USER_UPDATED"},"level":"db","message":"detected missing records in tblMailConfirmationStatus adding if not exists","timestamp":"2025-08-16T10:48:46.513Z"}
{"0":{"id":104,"name":"USER_REGISTERED"},"level":"db","message":"detected missing records in tblMailConfirmationStatus adding if not exists","timestamp":"2025-08-16T10:48:46.516Z"}
{"0":{"id":105,"name":"USER_LOGGED_IN"},"level":"db","message":"detected missing records in tblMailConfirmationStatus adding if not exists","timestamp":"2025-08-16T10:48:46.517Z"}
{"0":{"id":201,"name":"CHARACTER_CREATED"},"level":"db","message":"detected missing records in tblMailConfirmationStatus adding if not exists","timestamp":"2025-08-16T10:48:46.518Z"}
{"0":{"id":202,"name":"CHARACTER_UPDATED"},"level":"db","message":"detected missing records in tblMailConfirmationStatus adding if not exists","timestamp":"2025-08-16T10:48:46.519Z"}
{"0":{"id":203,"name":"CHARACTER_DELETED"},"level":"db","message":"detected missing records in tblMailConfirmationStatus adding if not exists","timestamp":"2025-08-16T10:48:46.519Z"}
{"0":{"id":204,"name":"CHARACTER_DELETED_BY_USER"},"level":"db","message":"detected missing records in tblMailConfirmationStatus adding if not exists","timestamp":"2025-08-16T10:48:46.520Z"}
{"0":{"id":205,"name":"CHARACTER_MINOR_UPDATED"},"level":"db","message":"detected missing records in tblMailConfirmationStatus adding if not exists","timestamp":"2025-08-16T10:48:46.520Z"}
{"0":{"id":1,"name":"pending"},"level":"db","message":"detected missing records in tblMailConfirmationStatus adding if not exists","timestamp":"2025-08-16T10:49:17.287Z"}
{"0":{"id":2,"name":"confirmed"},"level":"db","message":"detected missing records in tblMailConfirmationStatus adding if not exists","timestamp":"2025-08-16T10:49:17.290Z"}
{"0":{"id":3,"name":"rejected"},"level":"db","message":"detected missing records in tblMailConfirmationStatus adding if not exists","timestamp":"2025-08-16T10:49:17.290Z"}
{"0":{"id":101,"name":"USER_CREATED"},"level":"db","message":"detected missing records in tblMailConfirmationStatus adding if not exists","timestamp":"2025-08-16T10:49:17.294Z"}
{"0":{"id":103,"name":"USER_DELETED"},"level":"db","message":"detected missing records in tblMailConfirmationStatus adding if not exists","timestamp":"2025-08-16T10:49:17.294Z"}
{"0":{"id":102,"name":"USER_UPDATED"},"level":"db","message":"detected missing records in tblMailConfirmationStatus adding if not exists","timestamp":"2025-08-16T10:49:17.294Z"}
{"0":{"id":104,"name":"USER_REGISTERED"},"level":"db","message":"detected missing records in tblMailConfirmationStatus adding if not exists","timestamp":"2025-08-16T10:49:17.297Z"}
{"0":{"id":105,"name":"USER_LOGGED_IN"},"level":"db","message":"detected missing records in tblMailConfirmationStatus adding if not exists","timestamp":"2025-08-16T10:49:17.298Z"}
{"0":{"id":201,"name":"CHARACTER_CREATED"},"level":"db","message":"detected missing records in tblMailConfirmationStatus adding if not exists","timestamp":"2025-08-16T10:49:17.299Z"}
{"0":{"id":202,"name":"CHARACTER_UPDATED"},"level":"db","message":"detected missing records in tblMailConfirmationStatus adding if not exists","timestamp":"2025-08-16T10:49:17.300Z"}
{"0":{"id":203,"name":"CHARACTER_DELETED"},"level":"db","message":"detected missing records in tblMailConfirmationStatus adding if not exists","timestamp":"2025-08-16T10:49:17.300Z"}
{"0":{"id":204,"name":"CHARACTER_DELETED_BY_USER"},"level":"db","message":"detected missing records in tblMailConfirmationStatus adding if not exists","timestamp":"2025-08-16T10:49:17.301Z"}
{"0":{"id":205,"name":"CHARACTER_MINOR_UPDATED"},"level":"db","message":"detected missing records in tblMailConfirmationStatus adding if not exists","timestamp":"2025-08-16T10:49:17.301Z"}
{"0":{"id":1,"name":"pending"},"level":"db","message":"detected missing records in tblMailConfirmationStatus adding if not exists","timestamp":"2025-08-16T10:49:41.112Z"}
{"0":{"id":2,"name":"confirmed"},"level":"db","message":"detected missing records in tblMailConfirmationStatus adding if not exists","timestamp":"2025-08-16T10:49:41.114Z"}
{"0":{"id":3,"name":"rejected"},"level":"db","message":"detected missing records in tblMailConfirmationStatus adding if not exists","timestamp":"2025-08-16T10:49:41.114Z"}
{"0":{"id":101,"name":"USER_CREATED"},"level":"db","message":"detected missing records in tblMailConfirmationStatus adding if not exists","timestamp":"2025-08-16T10:49:41.118Z"}
{"0":{"id":102,"name":"USER_UPDATED"},"level":"db","message":"detected missing records in tblMailConfirmationStatus adding if not exists","timestamp":"2025-08-16T10:49:41.118Z"}
{"0":{"id":103,"name":"USER_DELETED"},"level":"db","message":"detected missing records in tblMailConfirmationStatus adding if not exists","timestamp":"2025-08-16T10:49:41.118Z"}
{"0":{"id":104,"name":"USER_REGISTERED"},"level":"db","message":"detected missing records in tblMailConfirmationStatus adding if not exists","timestamp":"2025-08-16T10:49:41.122Z"}
{"0":{"id":105,"name":"USER_LOGGED_IN"},"level":"db","message":"detected missing records in tblMailConfirmationStatus adding if not exists","timestamp":"2025-08-16T10:49:41.122Z"}
{"0":{"id":201,"name":"CHARACTER_CREATED"},"level":"db","message":"detected missing records in tblMailConfirmationStatus adding if not exists","timestamp":"2025-08-16T10:49:41.123Z"}
{"0":{"id":202,"name":"CHARACTER_UPDATED"},"level":"db","message":"detected missing records in tblMailConfirmationStatus adding if not exists","timestamp":"2025-08-16T10:49:41.123Z"}
{"0":{"id":203,"name":"CHARACTER_DELETED"},"level":"db","message":"detected missing records in tblMailConfirmationStatus adding if not exists","timestamp":"2025-08-16T10:49:41.123Z"}
{"0":{"id":204,"name":"CHARACTER_DELETED_BY_USER"},"level":"db","message":"detected missing records in tblMailConfirmationStatus adding if not exists","timestamp":"2025-08-16T10:49:41.124Z"}
{"0":{"id":205,"name":"CHARACTER_MINOR_UPDATED"},"level":"db","message":"detected missing records in tblMailConfirmationStatus adding if not exists","timestamp":"2025-08-16T10:49:41.124Z"}
{"0":{"id":1,"name":"pending"},"level":"db","message":"detected missing records in tblMailConfirmationStatus adding if not exists","timestamp":"2025-08-16T10:51:21.563Z"}
{"0":{"id":2,"name":"confirmed"},"level":"db","message":"detected missing records in tblMailConfirmationStatus adding if not exists","timestamp":"2025-08-16T10:51:21.566Z"}
{"0":{"id":3,"name":"rejected"},"level":"db","message":"detected missing records in tblMailConfirmationStatus adding if not exists","timestamp":"2025-08-16T10:51:21.566Z"}
{"0":{"id":101,"name":"USER_CREATED"},"level":"db","message":"detected missing records in tblMailConfirmationStatus adding if not exists","timestamp":"2025-08-16T10:51:21.569Z"}
{"0":{"id":102,"name":"USER_UPDATED"},"level":"db","message":"detected missing records in tblMailConfirmationStatus adding if not exists","timestamp":"2025-08-16T10:51:21.569Z"}
{"0":{"id":103,"name":"USER_DELETED"},"level":"db","message":"detected missing records in tblMailConfirmationStatus adding if not exists","timestamp":"2025-08-16T10:51:21.569Z"}
{"0":{"id":104,"name":"USER_REGISTERED"},"level":"db","message":"detected missing records in tblMailConfirmationStatus adding if not exists","timestamp":"2025-08-16T10:51:21.573Z"}
{"0":{"id":201,"name":"CHARACTER_CREATED"},"level":"db","message":"detected missing records in tblMailConfirmationStatus adding if not exists","timestamp":"2025-08-16T10:51:21.573Z"}
{"0":{"id":202,"name":"CHARACTER_UPDATED"},"level":"db","message":"detected missing records in tblMailConfirmationStatus adding if not exists","timestamp":"2025-08-16T10:51:21.574Z"}
{"0":{"id":105,"name":"USER_LOGGED_IN"},"level":"db","message":"detected missing records in tblMailConfirmationStatus adding if not exists","timestamp":"2025-08-16T10:51:21.574Z"}
{"0":{"id":203,"name":"CHARACTER_DELETED"},"level":"db","message":"detected missing records in tblMailConfirmationStatus adding if not exists","timestamp":"2025-08-16T10:51:21.575Z"}
{"0":{"id":204,"name":"CHARACTER_DELETED_BY_USER"},"level":"db","message":"detected missing records in tblMailConfirmationStatus adding if not exists","timestamp":"2025-08-16T10:51:21.575Z"}
{"0":{"id":205,"name":"CHARACTER_MINOR_UPDATED"},"level":"db","message":"detected missing records in tblMailConfirmationStatus adding if not exists","timestamp":"2025-08-16T10:51:21.575Z"}
{"0":{"id":1,"name":"pending"},"level":"db","message":"detected missing records in tblMailConfirmationStatus adding if not exists","timestamp":"2025-08-16T10:51:34.070Z"}
{"0":{"id":2,"name":"confirmed"},"level":"db","message":"detected missing records in tblMailConfirmationStatus adding if not exists","timestamp":"2025-08-16T10:51:34.072Z"}
{"0":{"id":3,"name":"rejected"},"level":"db","message":"detected missing records in tblMailConfirmationStatus adding if not exists","timestamp":"2025-08-16T10:51:34.073Z"}
{"0":{"id":101,"name":"USER_CREATED"},"level":"db","message":"detected missing records in tblMailConfirmationStatus adding if not exists","timestamp":"2025-08-16T10:51:34.075Z"}
{"0":{"id":102,"name":"USER_UPDATED"},"level":"db","message":"detected missing records in tblMailConfirmationStatus adding if not exists","timestamp":"2025-08-16T10:51:34.075Z"}
{"0":{"id":103,"name":"USER_DELETED"},"level":"db","message":"detected missing records in tblMailConfirmationStatus adding if not exists","timestamp":"2025-08-16T10:51:34.076Z"}
{"0":{"id":104,"name":"USER_REGISTERED"},"level":"db","message":"detected missing records in tblMailConfirmationStatus adding if not exists","timestamp":"2025-08-16T10:51:34.079Z"}
{"0":{"id":105,"name":"USER_LOGGED_IN"},"level":"db","message":"detected missing records in tblMailConfirmationStatus adding if not exists","timestamp":"2025-08-16T10:51:34.079Z"}
{"0":{"id":201,"name":"CHARACTER_CREATED"},"level":"db","message":"detected missing records in tblMailConfirmationStatus adding if not exists","timestamp":"2025-08-16T10:51:34.080Z"}
{"0":{"id":202,"name":"CHARACTER_UPDATED"},"level":"db","message":"detected missing records in tblMailConfirmationStatus adding if not exists","timestamp":"2025-08-16T10:51:34.080Z"}
{"0":{"id":203,"name":"CHARACTER_DELETED"},"level":"db","message":"detected missing records in tblMailConfirmationStatus adding if not exists","timestamp":"2025-08-16T10:51:34.080Z"}
{"0":{"id":204,"name":"CHARACTER_DELETED_BY_USER"},"level":"db","message":"detected missing records in tblMailConfirmationStatus adding if not exists","timestamp":"2025-08-16T10:51:34.081Z"}
{"0":{"id":205,"name":"CHARACTER_MINOR_UPDATED"},"level":"db","message":"detected missing records in tblMailConfirmationStatus adding if not exists","timestamp":"2025-08-16T10:51:34.081Z"}
{"0":{"id":1,"name":"pending"},"level":"db","message":"detected missing records in tblMailConfirmationStatus adding if not exists","timestamp":"2025-08-16T10:51:58.158Z"}
{"0":{"id":2,"name":"confirmed"},"level":"db","message":"detected missing records in tblMailConfirmationStatus adding if not exists","timestamp":"2025-08-16T10:51:58.161Z"}
{"0":{"id":3,"name":"rejected"},"level":"db","message":"detected missing records in tblMailConfirmationStatus adding if not exists","timestamp":"2025-08-16T10:51:58.162Z"}
{"0":{"id":101,"name":"USER_CREATED"},"level":"db","message":"detected missing records in tblMailConfirmationStatus adding if not exists","timestamp":"2025-08-16T10:51:58.165Z"}
{"0":{"id":103,"name":"USER_DELETED"},"level":"db","message":"detected missing records in tblMailConfirmationStatus adding if not exists","timestamp":"2025-08-16T10:51:58.165Z"}
{"0":{"id":102,"name":"USER_UPDATED"},"level":"db","message":"detected missing records in tblMailConfirmationStatus adding if not exists","timestamp":"2025-08-16T10:51:58.166Z"}
{"0":{"id":201,"name":"CHARACTER_CREATED"},"level":"db","message":"detected missing records in tblMailConfirmationStatus adding if not exists","timestamp":"2025-08-16T10:51:58.169Z"}
{"0":{"id":104,"name":"USER_REGISTERED"},"level":"db","message":"detected missing records in tblMailConfirmationStatus adding if not exists","timestamp":"2025-08-16T10:51:58.169Z"}
{"0":{"id":202,"name":"CHARACTER_UPDATED"},"level":"db","message":"detected missing records in tblMailConfirmationStatus adding if not exists","timestamp":"2025-08-16T10:51:58.169Z"}
{"0":{"id":204,"name":"CHARACTER_DELETED_BY_USER"},"level":"db","message":"detected missing records in tblMailConfirmationStatus adding if not exists","timestamp":"2025-08-16T10:51:58.170Z"}
{"0":{"id":105,"name":"USER_LOGGED_IN"},"level":"db","message":"detected missing records in tblMailConfirmationStatus adding if not exists","timestamp":"2025-08-16T10:51:58.171Z"}
{"0":{"id":203,"name":"CHARACTER_DELETED"},"level":"db","message":"detected missing records in tblMailConfirmationStatus adding if not exists","timestamp":"2025-08-16T10:51:58.171Z"}
{"0":{"id":205,"name":"CHARACTER_MINOR_UPDATED"},"level":"db","message":"detected missing records in tblMailConfirmationStatus adding if not exists","timestamp":"2025-08-16T10:51:58.171Z"}
{"0":{"id":1,"name":"pending"},"level":"db","message":"detected missing records in tblMailConfirmationStatus adding if not exists","timestamp":"2025-08-16T10:54:03.438Z"}
{"0":{"id":2,"name":"confirmed"},"level":"db","message":"detected missing records in tblMailConfirmationStatus adding if not exists","timestamp":"2025-08-16T10:54:03.443Z"}
{"0":{"id":3,"name":"rejected"},"level":"db","message":"detected missing records in tblMailConfirmationStatus adding if not exists","timestamp":"2025-08-16T10:54:03.443Z"}
{"0":{"id":101,"name":"USER_CREATED"},"level":"db","message":"detected missing records in tblMailConfirmationStatus adding if not exists","timestamp":"2025-08-16T10:54:03.446Z"}
{"0":{"id":102,"name":"USER_UPDATED"},"level":"db","message":"detected missing records in tblMailConfirmationStatus adding if not exists","timestamp":"2025-08-16T10:54:03.446Z"}
{"0":{"id":103,"name":"USER_DELETED"},"level":"db","message":"detected missing records in tblMailConfirmationStatus adding if not exists","timestamp":"2025-08-16T10:54:03.446Z"}
{"0":{"id":104,"name":"USER_REGISTERED"},"level":"db","message":"detected missing records in tblMailConfirmationStatus adding if not exists","timestamp":"2025-08-16T10:54:03.452Z"}
{"0":{"id":105,"name":"USER_LOGGED_IN"},"level":"db","message":"detected missing records in tblMailConfirmationStatus adding if not exists","timestamp":"2025-08-16T10:54:03.452Z"}
{"0":{"id":201,"name":"CHARACTER_CREATED"},"level":"db","message":"detected missing records in tblMailConfirmationStatus adding if not exists","timestamp":"2025-08-16T10:54:03.452Z"}
{"0":{"id":202,"name":"CHARACTER_UPDATED"},"level":"db","message":"detected missing records in tblMailConfirmationStatus adding if not exists","timestamp":"2025-08-16T10:54:03.453Z"}
{"0":{"id":203,"name":"CHARACTER_DELETED"},"level":"db","message":"detected missing records in tblMailConfirmationStatus adding if not exists","timestamp":"2025-08-16T10:54:03.453Z"}
{"0":{"id":204,"name":"CHARACTER_DELETED_BY_USER"},"level":"db","message":"detected missing records in tblMailConfirmationStatus adding if not exists","timestamp":"2025-08-16T10:54:03.454Z"}
{"0":{"id":205,"name":"CHARACTER_MINOR_UPDATED"},"level":"db","message":"detected missing records in tblMailConfirmationStatus adding if not exists","timestamp":"2025-08-16T10:54:03.455Z"}
{"0":{"id":101,"name":"USER_CREATED"},"level":"db","message":"detected missing records in tblMailConfirmationStatus adding if not exists","timestamp":"2025-08-31T11:27:30.138Z"}
{"0":{"id":103,"name":"USER_DELETED"},"level":"db","message":"detected missing records in tblMailConfirmationStatus adding if not exists","timestamp":"2025-08-31T11:27:30.144Z"}
{"0":{"id":102,"name":"USER_UPDATED"},"level":"db","message":"detected missing records in tblMailConfirmationStatus adding if not exists","timestamp":"2025-08-31T11:27:30.144Z"}
{"0":{"id":105,"name":"USER_LOGGED_IN"},"level":"db","message":"detected missing records in tblMailConfirmationStatus adding if not exists","timestamp":"2025-08-31T11:27:30.144Z"}
{"0":{"id":104,"name":"USER_REGISTERED"},"level":"db","message":"detected missing records in tblMailConfirmationStatus adding if not exists","timestamp":"2025-08-31T11:27:30.145Z"}
{"0":{"id":201,"name":"CHARACTER_CREATED"},"level":"db","message":"detected missing records in tblMailConfirmationStatus adding if not exists","timestamp":"2025-08-31T11:27:30.145Z"}
{"0":{"id":202,"name":"CHARACTER_UPDATED"},"level":"db","message":"detected missing records in tblMailConfirmationStatus adding if not exists","timestamp":"2025-08-31T11:27:30.145Z"}
{"0":{"id":203,"name":"CHARACTER_DELETED"},"level":"db","message":"detected missing records in tblMailConfirmationStatus adding if not exists","timestamp":"2025-08-31T11:27:30.146Z"}
{"0":{"id":204,"name":"CHARACTER_DELETED_BY_USER"},"level":"db","message":"detected missing records in tblMailConfirmationStatus adding if not exists","timestamp":"2025-08-31T11:27:30.146Z"}
{"0":{"id":205,"name":"CHARACTER_MINOR_UPDATED"},"level":"db","message":"detected missing records in tblMailConfirmationStatus adding if not exists","timestamp":"2025-08-31T11:27:30.147Z"}
{"0":{"id":1,"name":"pending"},"level":"db","message":"detected missing records in tblMailConfirmationStatus adding if not exists","timestamp":"2025-08-31T11:28:51.577Z"}
{"0":{"id":3,"name":"rejected"},"level":"db","message":"detected missing records in tblMailConfirmationStatus adding if not exists","timestamp":"2025-08-31T11:28:51.580Z"}
{"0":{"id":2,"name":"confirmed"},"level":"db","message":"detected missing records in tblMailConfirmationStatus adding if not exists","timestamp":"2025-08-31T11:28:51.581Z"}
{"0":{"id":101,"name":"USER_CREATED"},"level":"db","message":"detected missing records in tblMailConfirmationStatus adding if not exists","timestamp":"2025-08-31T11:28:51.586Z"}
{"0":{"id":102,"name":"USER_UPDATED"},"level":"db","message":"detected missing records in tblMailConfirmationStatus adding if not exists","timestamp":"2025-08-31T11:28:51.586Z"}
{"0":{"id":103,"name":"USER_DELETED"},"level":"db","message":"detected missing records in tblMailConfirmationStatus adding if not exists","timestamp":"2025-08-31T11:28:51.586Z"}
{"0":{"id":201,"name":"CHARACTER_CREATED"},"level":"db","message":"detected missing records in tblMailConfirmationStatus adding if not exists","timestamp":"2025-08-31T11:28:51.591Z"}
{"0":{"id":104,"name":"USER_REGISTERED"},"level":"db","message":"detected missing records in tblMailConfirmationStatus adding if not exists","timestamp":"2025-08-31T11:28:51.591Z"}
{"0":{"id":105,"name":"USER_LOGGED_IN"},"level":"db","message":"detected missing records in tblMailConfirmationStatus adding if not exists","timestamp":"2025-08-31T11:28:51.591Z"}
{"0":{"id":202,"name":"CHARACTER_UPDATED"},"level":"db","message":"detected missing records in tblMailConfirmationStatus adding if not exists","timestamp":"2025-08-31T11:28:51.592Z"}
{"0":{"id":203,"name":"CHARACTER_DELETED"},"level":"db","message":"detected missing records in tblMailConfirmationStatus adding if not exists","timestamp":"2025-08-31T11:28:51.592Z"}
{"0":{"id":204,"name":"CHARACTER_DELETED_BY_USER"},"level":"db","message":"detected missing records in tblMailConfirmationStatus adding if not exists","timestamp":"2025-08-31T11:28:51.592Z"}
{"0":{"id":205,"name":"CHARACTER_MINOR_UPDATED"},"level":"db","message":"detected missing records in tblMailConfirmationStatus adding if not exists","timestamp":"2025-08-31T11:28:51.592Z"}
{"0":{"id":1,"name":"pending"},"level":"db","message":"detected missing records in tblMailConfirmationStatus adding if not exists","timestamp":"2025-08-31T11:29:08.900Z"}
{"0":{"id":2,"name":"confirmed"},"level":"db","message":"detected missing records in tblMailConfirmationStatus adding if not exists","timestamp":"2025-08-31T11:29:08.904Z"}
{"0":{"id":3,"name":"rejected"},"level":"db","message":"detected missing records in tblMailConfirmationStatus adding if not exists","timestamp":"2025-08-31T11:29:08.904Z"}
{"0":{"id":101,"name":"USER_CREATED"},"level":"db","message":"detected missing records in tblMailConfirmationStatus adding if not exists","timestamp":"2025-08-31T11:29:08.908Z"}
{"0":{"id":103,"name":"USER_DELETED"},"level":"db","message":"detected missing records in tblMailConfirmationStatus adding if not exists","timestamp":"2025-08-31T11:29:08.909Z"}
{"0":{"id":102,"name":"USER_UPDATED"},"level":"db","message":"detected missing records in tblMailConfirmationStatus adding if not exists","timestamp":"2025-08-31T11:29:08.909Z"}
{"0":{"id":105,"name":"USER_LOGGED_IN"},"level":"db","message":"detected missing records in tblMailConfirmationStatus adding if not exists","timestamp":"2025-08-31T11:29:08.913Z"}
{"0":{"id":201,"name":"CHARACTER_CREATED"},"level":"db","message":"detected missing records in tblMailConfirmationStatus adding if not exists","timestamp":"2025-08-31T11:29:08.913Z"}
{"0":{"id":204,"name":"CHARACTER_DELETED_BY_USER"},"level":"db","message":"detected missing records in tblMailConfirmationStatus adding if not exists","timestamp":"2025-08-31T11:29:08.914Z"}
{"0":{"id":202,"name":"CHARACTER_UPDATED"},"level":"db","message":"detected missing records in tblMailConfirmationStatus adding if not exists","timestamp":"2025-08-31T11:29:08.914Z"}
{"0":{"id":203,"name":"CHARACTER_DELETED"},"level":"db","message":"detected missing records in tblMailConfirmationStatus adding if not exists","timestamp":"2025-08-31T11:29:08.915Z"}
{"0":{"id":205,"name":"CHARACTER_MINOR_UPDATED"},"level":"db","message":"detected missing records in tblMailConfirmationStatus adding if not exists","timestamp":"2025-08-31T11:29:08.915Z"}
{"0":{"id":104,"name":"USER_REGISTERED"},"level":"db","message":"detected missing records in tblMailConfirmationStatus adding if not exists","timestamp":"2025-08-31T11:29:08.916Z"}
